<?xml version="1.0" encoding="UTF-8"?>
<!-- Generated by org.testng.reporters.JUnitReportReporter -->
<testsuite hostname="LE15-ABA2-IND" failures="0" tests="1" name="com.RestAssuredAPI.RestGson" time="0.021" errors="0" timestamp="2023-03-27T22:33:08 IST" skipped="0">
  <testcase classname="com.RestAssuredAPI.RestGson" name="userVal" time="0.021"/>
  <system-out/>
</testsuite> <!-- com.RestAssuredAPI.RestGson -->
