<?xml version="1.0" encoding="UTF-8"?>
<!-- Generated by org.testng.reporters.JUnitReportReporter -->
<testsuite hostname="LE15-ABA2-IND" failures="0" tests="1" name="com.RestAssuredAPI.GetUsers" time="5.008" errors="0" timestamp="2023-03-31T22:41:17 IST" skipped="0">
  <testcase classname="com.RestAssuredAPI.GetUsers" name="testUsers" time="5.008"/>
  <system-out/>
</testsuite> <!-- com.RestAssuredAPI.GetUsers -->
